<?xml version="1.0" encoding="UTF-8"?>
<!-- Generated by org.testng.reporters.JUnitReportReporter -->
<testsuite hostname="DESKTOP-927DMJS" failures="0" tests="1" name="qaclickacademy.RESTAPITest" time="0.011" errors="0" timestamp="2021-11-12T14:14:46 EST" skipped="0">
  <testcase classname="qaclickacademy.RESTAPITest" name="deleteTwitter" time="0.011"/>
  <system-out/>
</testsuite> <!-- qaclickacademy.RESTAPITest -->
